This file contains any messages produced by compilers while
running configure, to aid debugging if configure makes a mistake.

It was created by configure, which was
generated by GNU Autoconf 2.68.  Invocation command line was

  $ ./configure 

## --------- ##
## Platform. ##
## --------- ##

hostname = glibc128gbssd
uname -m = x86_64
uname -r = 4.7.10-hardened
uname -s = Linux
uname -v = #2 SMP PREEMPT Thu Oct 27 00:54:55 UTC 2016

/usr/bin/uname -p = Intel(R) Core(TM) i7-2620M CPU @ 2.70GHz
/bin/uname -X     = unknown

/bin/arch              = unknown
/usr/bin/arch -k       = unknown
/usr/convex/getsysinfo = unknown
/usr/bin/hostinfo      = unknown
/bin/machine           = unknown
/usr/bin/oslevel       = unknown
/bin/universe          = unknown

PATH: /usr/local/sbin
PATH: /usr/local/bin
PATH: /usr/sbin
PATH: /usr/bin
PATH: /sbin
PATH: /bin
PATH: /opt/bin
PATH: /usr/x86_64-pc-linux-gnu/gcc-bin/4.9.3


## ----------- ##
## Core tests. ##
## ----------- ##

configure:2196: checking for gcc
configure:2212: found /usr/bin/gcc
configure:2223: result: gcc
configure:2452: checking for C compiler version
configure:2461: gcc --version >&5
gcc (Gentoo Hardened 4.9.3 p1.5, pie-0.6.4) 4.9.3
Copyright (C) 2015 Free Software Foundation, Inc.
This is free software; see the source for copying conditions.  There is NO
warranty; not even for MERCHANTABILITY or FITNESS FOR A PARTICULAR PURPOSE.

configure:2472: $? = 0
configure:2461: gcc -v >&5
Using built-in specs.
COLLECT_GCC=/usr/x86_64-pc-linux-gnu/gcc-bin/4.9.3/gcc
COLLECT_LTO_WRAPPER=/usr/libexec/gcc/x86_64-pc-linux-gnu/4.9.3/lto-wrapper
Target: x86_64-pc-linux-gnu
Configured with: /var/tmp/portage/sys-devel/gcc-4.9.3/work/gcc-4.9.3/configure --host=x86_64-pc-linux-gnu --build=x86_64-pc-linux-gnu --prefix=/usr --bindir=/usr/x86_64-pc-linux-gnu/gcc-bin/4.9.3 --includedir=/usr/lib/gcc/x86_64-pc-linux-gnu/4.9.3/include --datadir=/usr/share/gcc-data/x86_64-pc-linux-gnu/4.9.3 --mandir=/usr/share/gcc-data/x86_64-pc-linux-gnu/4.9.3/man --infodir=/usr/share/gcc-data/x86_64-pc-linux-gnu/4.9.3/info --with-gxx-include-dir=/usr/lib/gcc/x86_64-pc-linux-gnu/4.9.3/include/g++-v4 --with-python-dir=/share/gcc-data/x86_64-pc-linux-gnu/4.9.3/python --enable-languages=c,c++,fortran --enable-obsolete --enable-secureplt --disable-werror --with-system-zlib --enable-nls --without-included-gettext --enable-checking=release --with-bugurl=https://bugs.gentoo.org/ --with-pkgversion='Gentoo Hardened 4.9.3 p1.5, pie-0.6.4' --enable-esp --enable-libstdcxx-time --enable-shared --enable-threads=posix --enable-__cxa_atexit --enable-clocale=gnu --disable-multilib --with-multilib-list=m64 --disable-altivec --disable-fixed-point --enable-targets=all --disable-libgcj --enable-libgomp --disable-libmudflap --disable-libssp --disable-libcilkrts --enable-vtable-verify --enable-libvtv --enable-lto --without-cloog --disable-libsanitizer
Thread model: posix
gcc version 4.9.3 (Gentoo Hardened 4.9.3 p1.5, pie-0.6.4) 
configure:2472: $? = 0
configure:2461: gcc -V >&5
gcc: error: unrecognized command line option '-V'
gcc: fatal error: no input files
compilation terminated.
configure:2472: $? = 1
configure:2461: gcc -qversion >&5
gcc: error: unrecognized command line option '-qversion'
gcc: fatal error: no input files
compilation terminated.
configure:2472: $? = 1
configure:2492: checking whether the C compiler works
configure:2514: gcc    conftest.c  >&5
configure:2518: $? = 0
configure:2566: result: yes
configure:2569: checking for C compiler default output file name
configure:2571: result: a.out
configure:2577: checking for suffix of executables
configure:2584: gcc -o conftest    conftest.c  >&5
configure:2588: $? = 0
configure:2610: result: 
configure:2632: checking whether we are cross compiling
configure:2640: gcc -o conftest    conftest.c  >&5
configure:2644: $? = 0
configure:2651: ./conftest
configure:2655: $? = 0
configure:2670: result: no
configure:2675: checking for suffix of object files
configure:2697: gcc -c   conftest.c >&5
configure:2701: $? = 0
configure:2722: result: o
configure:2726: checking whether we are using the GNU C compiler
configure:2745: gcc -c   conftest.c >&5
configure:2745: $? = 0
configure:2754: result: yes
configure:2763: checking whether gcc accepts -g
configure:2783: gcc -c -g  conftest.c >&5
configure:2783: $? = 0
configure:2824: result: yes
configure:2841: checking for gcc option to accept ISO C89
configure:2905: gcc  -c -g -O2  conftest.c >&5
configure:2905: $? = 0
configure:2918: result: none needed
configure:2981: checking for a BSD-compatible install
configure:3049: result: /usr/bin/install -c
configure:3061: checking for initscr in -lcurses
configure:3095: result: no
configure:3100: checking for initscr in -lncurses
configure:3172: gcc -o conftest -g -O2   conftest.c -lncurses   >&5
configure:3172: $? = 0
configure:3181: result: yes
configure:3190: checking for use_default_colors
configure:3190: gcc -o conftest -g -O2   conftest.c  -lncurses >&5
configure:3190: $? = 0
configure:3190: result: yes
configure:3206: checking for special C compiler options needed for large files
configure:3251: result: no
configure:3257: checking for _FILE_OFFSET_BITS value needed for large files
configure:3282: gcc -c -g -O2  conftest.c >&5
configure:3282: $? = 0
configure:3314: result: no
configure:3403: checking how to run the C preprocessor
configure:3434: gcc -E  conftest.c
configure:3434: $? = 0
configure:3448: gcc -E  conftest.c
conftest.c:11:28: fatal error: ac_nonexistent.h: No such file or directory
 #include <ac_nonexistent.h>
                            ^
compilation terminated.
configure:3448: $? = 1
configure: failed program was:
| /* confdefs.h */
| #define PACKAGE_NAME ""
| #define PACKAGE_TARNAME ""
| #define PACKAGE_VERSION ""
| #define PACKAGE_STRING ""
| #define PACKAGE_BUGREPORT ""
| #define PACKAGE_URL ""
| #define _GNU_SOURCE 1
| #define HAVE_COLORS /**/
| /* end confdefs.h.  */
| #include <ac_nonexistent.h>
configure:3473: result: gcc -E
configure:3493: gcc -E  conftest.c
configure:3493: $? = 0
configure:3507: gcc -E  conftest.c
conftest.c:11:28: fatal error: ac_nonexistent.h: No such file or directory
 #include <ac_nonexistent.h>
                            ^
compilation terminated.
configure:3507: $? = 1
configure: failed program was:
| /* confdefs.h */
| #define PACKAGE_NAME ""
| #define PACKAGE_TARNAME ""
| #define PACKAGE_VERSION ""
| #define PACKAGE_STRING ""
| #define PACKAGE_BUGREPORT ""
| #define PACKAGE_URL ""
| #define _GNU_SOURCE 1
| #define HAVE_COLORS /**/
| /* end confdefs.h.  */
| #include <ac_nonexistent.h>
configure:3536: checking for grep that handles long lines and -e
configure:3594: result: /bin/grep
configure:3599: checking for egrep
configure:3661: result: /bin/grep -E
configure:3666: checking for ANSI C header files
configure:3686: gcc -c -g -O2  conftest.c >&5
configure:3686: $? = 0
configure:3759: gcc -o conftest -g -O2   conftest.c  -lncurses >&5
configure:3759: $? = 0
configure:3759: ./conftest
configure:3759: $? = 0
configure:3770: result: yes
configure:3778: checking whether stat file-mode macros are broken
configure:3805: gcc -c -g -O2  conftest.c >&5
configure:3805: $? = 0
configure:3812: result: no
configure:3820: checking for sys/wait.h that is POSIX.1 compatible
configure:3846: gcc -c -g -O2  conftest.c >&5
configure:3846: $? = 0
configure:3853: result: yes
configure:3866: checking for sys/types.h
configure:3866: gcc -c -g -O2  conftest.c >&5
configure:3866: $? = 0
configure:3866: result: yes
configure:3866: checking for sys/stat.h
configure:3866: gcc -c -g -O2  conftest.c >&5
configure:3866: $? = 0
configure:3866: result: yes
configure:3866: checking for stdlib.h
configure:3866: gcc -c -g -O2  conftest.c >&5
configure:3866: $? = 0
configure:3866: result: yes
configure:3866: checking for string.h
configure:3866: gcc -c -g -O2  conftest.c >&5
configure:3866: $? = 0
configure:3866: result: yes
configure:3866: checking for memory.h
configure:3866: gcc -c -g -O2  conftest.c >&5
configure:3866: $? = 0
configure:3866: result: yes
configure:3866: checking for strings.h
configure:3866: gcc -c -g -O2  conftest.c >&5
configure:3866: $? = 0
configure:3866: result: yes
configure:3866: checking for inttypes.h
configure:3866: gcc -c -g -O2  conftest.c >&5
configure:3866: $? = 0
configure:3866: result: yes
configure:3866: checking for stdint.h
configure:3866: gcc -c -g -O2  conftest.c >&5
configure:3866: $? = 0
configure:3866: result: yes
configure:3866: checking for unistd.h
configure:3866: gcc -c -g -O2  conftest.c >&5
configure:3866: $? = 0
configure:3866: result: yes
configure:3881: checking fcntl.h usability
configure:3881: gcc -c -g -O2  conftest.c >&5
configure:3881: $? = 0
configure:3881: result: yes
configure:3881: checking fcntl.h presence
configure:3881: gcc -E  conftest.c
configure:3881: $? = 0
configure:3881: result: yes
configure:3881: checking for fcntl.h
configure:3881: result: yes
configure:3881: checking for unistd.h
configure:3881: result: yes
configure:3881: checking libgen.h usability
configure:3881: gcc -c -g -O2  conftest.c >&5
configure:3881: $? = 0
configure:3881: result: yes
configure:3881: checking libgen.h presence
configure:3881: gcc -E  conftest.c
configure:3881: $? = 0
configure:3881: result: yes
configure:3881: checking for libgen.h
configure:3881: result: yes
configure:3881: checking sys/mount.h usability
configure:3881: gcc -c -g -O2  conftest.c >&5
configure:3881: $? = 0
configure:3881: result: yes
configure:3881: checking sys/mount.h presence
configure:3881: gcc -E  conftest.c
configure:3881: $? = 0
configure:3881: result: yes
configure:3881: checking for sys/mount.h
configure:3881: result: yes
configure:3892: checking for an ANSI C-conforming const
configure:3957: gcc -c -g -O2  conftest.c >&5
configure:3957: $? = 0
configure:3964: result: yes
configure:3972: checking for size_t
configure:3972: gcc -c -g -O2  conftest.c >&5
configure:3972: $? = 0
configure:3972: gcc -c -g -O2  conftest.c >&5
conftest.c: In function 'main':
conftest.c:62:21: error: expected expression before ')' token
 if (sizeof ((size_t)))
                     ^
configure:3972: $? = 1
configure: failed program was:
| /* confdefs.h */
| #define PACKAGE_NAME ""
| #define PACKAGE_TARNAME ""
| #define PACKAGE_VERSION ""
| #define PACKAGE_STRING ""
| #define PACKAGE_BUGREPORT ""
| #define PACKAGE_URL ""
| #define _GNU_SOURCE 1
| #define HAVE_COLORS /**/
| #define STDC_HEADERS 1
| #define HAVE_SYS_WAIT_H 1
| #define HAVE_SYS_TYPES_H 1
| #define HAVE_SYS_STAT_H 1
| #define HAVE_STDLIB_H 1
| #define HAVE_STRING_H 1
| #define HAVE_MEMORY_H 1
| #define HAVE_STRINGS_H 1
| #define HAVE_INTTYPES_H 1
| #define HAVE_STDINT_H 1
| #define HAVE_UNISTD_H 1
| #define HAVE_FCNTL_H 1
| #define HAVE_UNISTD_H 1
| #define HAVE_LIBGEN_H 1
| #define HAVE_SYS_MOUNT_H 1
| /* end confdefs.h.  */
| #include <stdio.h>
| #ifdef HAVE_SYS_TYPES_H
| # include <sys/types.h>
| #endif
| #ifdef HAVE_SYS_STAT_H
| # include <sys/stat.h>
| #endif
| #ifdef STDC_HEADERS
| # include <stdlib.h>
| # include <stddef.h>
| #else
| # ifdef HAVE_STDLIB_H
| #  include <stdlib.h>
| # endif
| #endif
| #ifdef HAVE_STRING_H
| # if !defined STDC_HEADERS && defined HAVE_MEMORY_H
| #  include <memory.h>
| # endif
| # include <string.h>
| #endif
| #ifdef HAVE_STRINGS_H
| # include <strings.h>
| #endif
| #ifdef HAVE_INTTYPES_H
| # include <inttypes.h>
| #endif
| #ifdef HAVE_STDINT_H
| # include <stdint.h>
| #endif
| #ifdef HAVE_UNISTD_H
| # include <unistd.h>
| #endif
| int
| main ()
| {
| if (sizeof ((size_t)))
| 	    return 0;
|   ;
|   return 0;
| }
configure:3972: result: yes
configure:3987: checking for memcmp
configure:3987: gcc -o conftest -g -O2   conftest.c  -lncurses >&5
conftest.c:49:6: warning: conflicting types for built-in function 'memcmp'
 char memcmp ();
      ^
configure:3987: $? = 0
configure:3987: result: yes
configure:3987: checking for memmem
configure:3987: gcc -o conftest -g -O2   conftest.c  -lncurses >&5
configure:3987: $? = 0
configure:3987: result: yes
configure:3987: checking for memrmem
configure:3987: gcc -o conftest -g -O2   conftest.c  -lncurses >&5
/tmp/cc4Mv1Du.o: In function `main':
/root/_repos/hexedit/conftest.c:62: undefined reference to `memrmem'
collect2: error: ld returned 1 exit status
configure:3987: $? = 1
configure: failed program was:
| /* confdefs.h */
| #define PACKAGE_NAME ""
| #define PACKAGE_TARNAME ""
| #define PACKAGE_VERSION ""
| #define PACKAGE_STRING ""
| #define PACKAGE_BUGREPORT ""
| #define PACKAGE_URL ""
| #define _GNU_SOURCE 1
| #define HAVE_COLORS /**/
| #define STDC_HEADERS 1
| #define HAVE_SYS_WAIT_H 1
| #define HAVE_SYS_TYPES_H 1
| #define HAVE_SYS_STAT_H 1
| #define HAVE_STDLIB_H 1
| #define HAVE_STRING_H 1
| #define HAVE_MEMORY_H 1
| #define HAVE_STRINGS_H 1
| #define HAVE_INTTYPES_H 1
| #define HAVE_STDINT_H 1
| #define HAVE_UNISTD_H 1
| #define HAVE_FCNTL_H 1
| #define HAVE_UNISTD_H 1
| #define HAVE_LIBGEN_H 1
| #define HAVE_SYS_MOUNT_H 1
| #define HAVE_MEMCMP 1
| #define HAVE_MEMMEM 1
| /* end confdefs.h.  */
| /* Define memrmem to an innocuous variant, in case <limits.h> declares memrmem.
|    For example, HP-UX 11i <limits.h> declares gettimeofday.  */
| #define memrmem innocuous_memrmem
| 
| /* System header to define __stub macros and hopefully few prototypes,
|     which can conflict with char memrmem (); below.
|     Prefer <limits.h> to <assert.h> if __STDC__ is defined, since
|     <limits.h> exists even on freestanding compilers.  */
| 
| #ifdef __STDC__
| # include <limits.h>
| #else
| # include <assert.h>
| #endif
| 
| #undef memrmem
| 
| /* Override any GCC internal prototype to avoid an error.
|    Use char because int might match the return type of a GCC
|    builtin and then its argument prototype would still apply.  */
| #ifdef __cplusplus
| extern "C"
| #endif
| char memrmem ();
| /* The GNU C library defines this for functions which it implements
|     to always fail with ENOSYS.  Some functions are actually named
|     something starting with __ and the normal name is an alias.  */
| #if defined __stub_memrmem || defined __stub___memrmem
| choke me
| #endif
| 
| int
| main ()
| {
| return memrmem ();
|   ;
|   return 0;
| }
configure:3987: result: no
configure:3987: checking for memrchr
configure:3987: gcc -o conftest -g -O2   conftest.c  -lncurses >&5
configure:3987: $? = 0
configure:3987: result: yes
configure:3987: checking for strdup
configure:3987: gcc -o conftest -g -O2   conftest.c  -lncurses >&5
conftest.c:52:6: warning: conflicting types for built-in function 'strdup'
 char strdup ();
      ^
configure:3987: $? = 0
configure:3987: result: yes
configure:3987: checking for strerror
configure:3987: gcc -o conftest -g -O2   conftest.c  -lncurses >&5
configure:3987: $? = 0
configure:3987: result: yes
configure:3987: checking for basename
configure:3987: gcc -o conftest -g -O2   conftest.c  -lncurses >&5
configure:3987: $? = 0
configure:3987: result: yes
configure:4042: checking whether dirname is declared
configure:4042: gcc -c -g -O2  conftest.c >&5
configure:4042: $? = 0
configure:4042: result: yes
configure:4057: checking whether basename is declared
configure:4057: gcc -c -g -O2  conftest.c >&5
configure:4057: $? = 0
configure:4057: result: yes
configure:4072: checking whether memrchr is declared
configure:4072: gcc -c -g -O2  conftest.c >&5
configure:4072: $? = 0
configure:4072: result: yes
configure:4087: checking whether memmem is declared
configure:4087: gcc -c -g -O2  conftest.c >&5
configure:4087: $? = 0
configure:4087: result: yes
configure:4102: checking whether memrmem is declared
configure:4102: gcc -c -g -O2  conftest.c >&5
conftest.c: In function 'main':
conftest.c:81:10: error: 'memrmem' undeclared (first use in this function)
   (void) memrmem;
          ^
conftest.c:81:10: note: each undeclared identifier is reported only once for each function it appears in
configure:4102: $? = 1
configure: failed program was:
| /* confdefs.h */
| #define PACKAGE_NAME ""
| #define PACKAGE_TARNAME ""
| #define PACKAGE_VERSION ""
| #define PACKAGE_STRING ""
| #define PACKAGE_BUGREPORT ""
| #define PACKAGE_URL ""
| #define _GNU_SOURCE 1
| #define HAVE_COLORS /**/
| #define STDC_HEADERS 1
| #define HAVE_SYS_WAIT_H 1
| #define HAVE_SYS_TYPES_H 1
| #define HAVE_SYS_STAT_H 1
| #define HAVE_STDLIB_H 1
| #define HAVE_STRING_H 1
| #define HAVE_MEMORY_H 1
| #define HAVE_STRINGS_H 1
| #define HAVE_INTTYPES_H 1
| #define HAVE_STDINT_H 1
| #define HAVE_UNISTD_H 1
| #define HAVE_FCNTL_H 1
| #define HAVE_UNISTD_H 1
| #define HAVE_LIBGEN_H 1
| #define HAVE_SYS_MOUNT_H 1
| #define HAVE_MEMCMP 1
| #define HAVE_MEMMEM 1
| #define HAVE_MEMRCHR 1
| #define HAVE_STRDUP 1
| #define HAVE_STRERROR 1
| #define HAVE_BASENAME 1
| #define HAVE_DECL_DIRNAME 1
| #define HAVE_DECL_BASENAME 1
| #define HAVE_DECL_MEMRCHR 1
| #define HAVE_DECL_MEMMEM 1
| /* end confdefs.h.  */
| #include <stdio.h>
| #ifdef HAVE_SYS_TYPES_H
| # include <sys/types.h>
| #endif
| #ifdef HAVE_SYS_STAT_H
| # include <sys/stat.h>
| #endif
| #ifdef STDC_HEADERS
| # include <stdlib.h>
| # include <stddef.h>
| #else
| # ifdef HAVE_STDLIB_H
| #  include <stdlib.h>
| # endif
| #endif
| #ifdef HAVE_STRING_H
| # if !defined STDC_HEADERS && defined HAVE_MEMORY_H
| #  include <memory.h>
| # endif
| # include <string.h>
| #endif
| #ifdef HAVE_STRINGS_H
| # include <strings.h>
| #endif
| #ifdef HAVE_INTTYPES_H
| # include <inttypes.h>
| #endif
| #ifdef HAVE_STDINT_H
| # include <stdint.h>
| #endif
| #ifdef HAVE_UNISTD_H
| # include <unistd.h>
| #endif
| #if HAVE_LIBGEN_H
| #include <libgen.h>
| #endif
| 
| 
| int
| main ()
| {
| #ifndef memrmem
| #ifdef __cplusplus
|   (void) memrmem;
| #else
|   (void) memrmem;
| #endif
| #endif
| 
|   ;
|   return 0;
| }
configure:4102: result: no
configure:4235: creating ./config.status

## ---------------------- ##
## Running config.status. ##
## ---------------------- ##

This file was extended by config.status, which was
generated by GNU Autoconf 2.68.  Invocation command line was

  CONFIG_FILES    = 
  CONFIG_HEADERS  = 
  CONFIG_LINKS    = 
  CONFIG_COMMANDS = 
  $ ./config.status 

on glibc128gbssd

config.status:837: creating Makefile
config.status:940: WARNING:  'Makefile.in' seems to ignore the --datarootdir setting
config.status:837: creating Makefile-build
config.status:940: WARNING:  'Makefile-build.in' seems to ignore the --datarootdir setting
config.status:837: creating config.h
config.status:1012: config.h is unchanged

## ---------------- ##
## Cache variables. ##
## ---------------- ##

ac_cv_c_compiler_gnu=yes
ac_cv_c_const=yes
ac_cv_env_CC_set=
ac_cv_env_CC_value=
ac_cv_env_CFLAGS_set=
ac_cv_env_CFLAGS_value=
ac_cv_env_CPPFLAGS_set=
ac_cv_env_CPPFLAGS_value=
ac_cv_env_CPP_set=
ac_cv_env_CPP_value=
ac_cv_env_LDFLAGS_set=
ac_cv_env_LDFLAGS_value=
ac_cv_env_LIBS_set=
ac_cv_env_LIBS_value=
ac_cv_env_build_alias_set=
ac_cv_env_build_alias_value=
ac_cv_env_host_alias_set=
ac_cv_env_host_alias_value=
ac_cv_env_target_alias_set=
ac_cv_env_target_alias_value=
ac_cv_func_basename=yes
ac_cv_func_memcmp=yes
ac_cv_func_memmem=yes
ac_cv_func_memrchr=yes
ac_cv_func_memrmem=no
ac_cv_func_strdup=yes
ac_cv_func_strerror=yes
ac_cv_func_use_default_colors=yes
ac_cv_have_decl_basename=yes
ac_cv_have_decl_dirname=yes
ac_cv_have_decl_memmem=yes
ac_cv_have_decl_memrchr=yes
ac_cv_have_decl_memrmem=no
ac_cv_header_fcntl_h=yes
ac_cv_header_inttypes_h=yes
ac_cv_header_libgen_h=yes
ac_cv_header_memory_h=yes
ac_cv_header_stat_broken=no
ac_cv_header_stdc=yes
ac_cv_header_stdint_h=yes
ac_cv_header_stdlib_h=yes
ac_cv_header_string_h=yes
ac_cv_header_strings_h=yes
ac_cv_header_sys_mount_h=yes
ac_cv_header_sys_stat_h=yes
ac_cv_header_sys_types_h=yes
ac_cv_header_sys_wait_h=yes
ac_cv_header_unistd_h=yes
ac_cv_lib_curses_initscr=no
ac_cv_lib_ncurses_initscr=yes
ac_cv_objext=o
ac_cv_path_EGREP='/bin/grep -E'
ac_cv_path_GREP=/bin/grep
ac_cv_path_install='/usr/bin/install -c'
ac_cv_prog_CPP='gcc -E'
ac_cv_prog_ac_ct_CC=gcc
ac_cv_prog_cc_c89=
ac_cv_prog_cc_g=yes
ac_cv_sys_file_offset_bits=no
ac_cv_sys_largefile_CC=no
ac_cv_type_size_t=yes

## ----------------- ##
## Output variables. ##
## ----------------- ##

CC='gcc'
CFLAGS='-g -O2'
CPP='gcc -E'
CPPFLAGS=''
DEFS='-DHAVE_CONFIG_H'
ECHO_C=''
ECHO_N='-n'
ECHO_T=''
EGREP='/bin/grep -E'
EXEEXT=''
GREP='/bin/grep'
INCL='hexedit.h'
INSTALL_DATA='${INSTALL} -m 644'
INSTALL_PROGRAM='${INSTALL}'
INSTALL_SCRIPT='${INSTALL}'
LDFLAGS=''
LIBOBJS=''
LIBS=' -lncurses'
LTLIBOBJS=''
OBJEXT='o'
OTHER='COPYING Changes TODO install-sh configure config.h.in hexedit.1 hexedit-1.2.13.lsm Makefile.in configure.in Makefile-build.in'
PACKAGE_BUGREPORT=''
PACKAGE_NAME=''
PACKAGE_STRING=''
PACKAGE_TARNAME=''
PACKAGE_URL=''
PACKAGE_VERSION=''
PATH_SEPARATOR=':'
PRODUCT='hexedit'
SHELL='/bin/sh'
SRCS='hexedit.c display.c mark.c page.c file.c interact.c misc.c search.c'
VERSION='1.2.13'
ac_ct_CC='gcc'
bindir='${exec_prefix}/bin'
build_alias=''
datadir='${datarootdir}'
datarootdir='${prefix}/share'
docdir='${datarootdir}/doc/${PACKAGE}'
dvidir='${docdir}'
exec_prefix='${prefix}'
host_alias=''
htmldir='${docdir}'
includedir='${prefix}/include'
infodir='${datarootdir}/info'
libdir='${exec_prefix}/lib'
libexecdir='${exec_prefix}/libexec'
localedir='${datarootdir}/locale'
localstatedir='${prefix}/var'
mandir='${datarootdir}/man'
oldincludedir='/usr/include'
pdfdir='${docdir}'
prefix='/usr/local'
program_transform_name='s,x,x,'
psdir='${docdir}'
sbindir='${exec_prefix}/sbin'
sharedstatedir='${prefix}/com'
sysconfdir='${prefix}/etc'
target_alias=''

## ----------- ##
## confdefs.h. ##
## ----------- ##

/* confdefs.h */
#define PACKAGE_NAME ""
#define PACKAGE_TARNAME ""
#define PACKAGE_VERSION ""
#define PACKAGE_STRING ""
#define PACKAGE_BUGREPORT ""
#define PACKAGE_URL ""
#define _GNU_SOURCE 1
#define HAVE_COLORS /**/
#define STDC_HEADERS 1
#define HAVE_SYS_WAIT_H 1
#define HAVE_SYS_TYPES_H 1
#define HAVE_SYS_STAT_H 1
#define HAVE_STDLIB_H 1
#define HAVE_STRING_H 1
#define HAVE_MEMORY_H 1
#define HAVE_STRINGS_H 1
#define HAVE_INTTYPES_H 1
#define HAVE_STDINT_H 1
#define HAVE_UNISTD_H 1
#define HAVE_FCNTL_H 1
#define HAVE_UNISTD_H 1
#define HAVE_LIBGEN_H 1
#define HAVE_SYS_MOUNT_H 1
#define HAVE_MEMCMP 1
#define HAVE_MEMMEM 1
#define HAVE_MEMRCHR 1
#define HAVE_STRDUP 1
#define HAVE_STRERROR 1
#define HAVE_BASENAME 1
#define HAVE_DECL_DIRNAME 1
#define HAVE_DECL_BASENAME 1
#define HAVE_DECL_MEMRCHR 1
#define HAVE_DECL_MEMMEM 1
#define HAVE_DECL_MEMRMEM 0

configure: exit 0
